+..++..++--++..++--+     
|0..|..|....|....2..     
|.j.|.d|..b.|.k...i.     
+--++..++..++..++..+     
+--++..++--++..++..+     
....|..........|...|     
..g.|.........f|...|     
+..++..++..++..++--+     
+..++..++..++--++..+     
...|...|...||...|..|     
...|...|...||.l.|..|     
+..++--++--++..++..+     
+..++--++..++--++..+     
|..|.......|.......|     
|.e|......h|..c...a|     
+..++--++--++--++--+     
+--++--++..++..++--+     
|1......|..||....3..     
|.......|..||.......     
+..++--++..++..++--+     
                          
0 Erkki: j** |  (-)
1 Pertti: k** |  (-)
2 DeepBlue: b** |  (-)
3 K9: f** |  (-)
                          
+..+ +--+ +--+ +..+      
|... |... ...| ...|      
|... |... ...| ...|      
+--+ +..+ +..+ +--+      
0 Erkki>tyonna 1 a 1
+--++..++--++..++--+     
....|..|....|....2..     
..g.|.d|..b.|.k...i.     
+..++..++..++..++..+     
+..++..++--++..++..+     
...||..........|...|     
...||.........f|...|     
+..++..++..++..++--+     
+..++..++..++--++..+     
|..|...|...||...|..|     
|.e|...|...||.l.|..|     
+..++--++--++..++..+     
+--++--++..++--++..+     
|1.........|.......|     
|.........h|..c...a|     
+..++--++--++--++--+     
+..++--++..++..++--+     
|0......|..||....3..     
|.......|..||.......     
+--++--++..++..++--+     
                          
0 Erkki: j** |  (tyonna 1 a 1)
1 Pertti: k** |  (-)
2 DeepBlue: b** |  (-)
3 K9: f** |  (-)
                          
+..+ +--+ +--+ +..+      
|... |... ...| ...|      
|.j. |.j. ..j| ..j|      
+--+ +..+ +..+ +--+      
0 Erkki>paikallaan
+--++..++--++..++--+     
....|..|....|....2..     
..g.|.d|..b.|.k...i.     
+..++..++..++..++..+     
+..++..++--++..++..+     
...||..........|...|     
...||.........f|...|     
+..++..++..++..++--+     
+..++..++..++--++..+     
|..|...|...||...|..|     
|.e|...|...||.l.|..|     
+..++--++--++..++..+     
+--++--++..++--++..+     
|1.........|.......|     
|.........h|..c...a|     
+..++--++--++--++--+     
+..++--++..++..++--+     
|0......|..||....3..     
|.......|..||.......     
+--++--++..++..++--+     
                          
0 Erkki: j** |  (-)
1 Pertti: k** |  (-)
2 DeepBlue: b** |  (-)
3 K9: f** |  (-)
                          
+..+ +--+ +--+ +..+      
|... |... ...| ...|      
|.j. |.j. ..j| ..j|      
+--+ +..+ +..+ +--+      
1 Pertti>
+--++..++--++..++--+     
....|..|....|....2..     
..g.|.d|..b.|.k...i.     
+..++..++..++..++..+     
+..++..++--++..++..+     
...||..........|...|     
...||.........f|...|     
+..++..++..++..++--+     
+..++..++..++--++..+     
|..|...|...||...|..|     
|.e|...|...||.l.|..|     
+..++--++--++..++..+     
+--++--++..++--++..+     
|........1.|.......|     
|.........h|..c...a|     
+..++--++--++--++--+     
+..++--++..++..++--+     
|0......|..||....3..     
|.......|..||.......     
+--++--++..++..++--+     
                          
0 Erkki: j** |  (-)
1 Pertti: k** |  (liiku o 2)
2 DeepBlue: b** |  (-)
3 K9: f** |  (-)
                          
+..+ +--+ +--+ +..+      
|... |... ...| ...|      
|.j. |.j. ..j| ..j|      
+--+ +..+ +..+ +--+      
2 DeepBlue>
+--++..++--++..++--+     
....|..|....|2......     
..g.|.d|..b.|.k...i.     
+..++..++..++..++..+     
+..++..++--++..++..+     
...||..........|...|     
...||.........f|...|     
+..++..++..++..++--+     
+..++..++..++--++..+     
|..|...|...||...|..|     
|.e|...|...||.l.|..|     
+..++--++--++..++..+     
+--++--++..++--++..+     
|........1.|.......|     
|.........h|..c...a|     
+..++--++--++--++--+     
+..++--++..++..++--+     
|0......|..||....3..     
|.......|..||.......     
+--++--++..++..++--+     
                          
0 Erkki: j** |  (-)
1 Pertti: k** |  (liiku o 2)
2 DeepBlue: b** |  (liiku v 1)
3 K9: f** |  (-)
                          
+..+ +--+ +--+ +..+      
|... |... ...| ...|      
|.j. |.j. ..j| ..j|      
+--+ +..+ +..+ +--+      
3 K9>
Pelaaja 3 K9 astui erikoispalaan, jonka tyyppi on teleportti
+--++..++--++..++--+     
....|..|....|2......     
..g.|.d|..b.|.k...i.     
+..++..++..++..++..+     
+..++..++--++..++..+     
...||..........|...|     
...||.........f|...|     
+..++..++..++..++--+     
+..++..++..++--++..+     
|3.|...|...||...|..|     
|.e|...|...||.l.|..|     
+..++--++--++..++..+     
+--++--++..++--++..+     
|........1.|.......|     
|.........h|..c...a|     
+..++--++--++--++--+     
+..++--++..++..++--+     
|0......|..||.......     
|.......|..||.......     
+--++--++..++..++--+     
                          
0 Erkki: j** |  (-)
1 Pertti: k** |  (liiku o 2)
2 DeepBlue: b** |  (liiku v 1)
3 K9: f** |  (liiku v 1)
                          
+..+ +--+ +--+ +..+      
|... |... ...| ...|      
|.j. |.j. ..j| ..j|      
+--+ +..+ +..+ +--+      
0 Erkki>tyonna 3 a 2
+--++..++--++..++--+     
....|.......|2......     
..g.|.....b.|.k...i.     
+..++..++..++..++..+     
+..++..++--++..++..+     
...|...|.......|...|     
...|...|......f|...|     
+..++--++..++..++--+     
+..++--++..++--++..+     
|3.|.......||...|..|     
|.e|.......||.l.|..|     
+..++--++--++..++..+     
+--++--++..++--++..+     
|........1.|.......|     
|.........h|..c...a|     
+..++--++--++--++--+     
+..++--++..++..++--+     
|0.....||..||.......     
|.....j||..||.......     
+--++..++..++..++--+     
                          
0 Erkki: j** |  (tyonna 3 a 2)
1 Pertti: k** |  (liiku o 2)
2 DeepBlue: b** |  (liiku v 1)
3 K9: f** |  (liiku v 1)
                          
+..+ +--+ +..+ +--+      
|..| .... |..| ....      
|.d| ..d. |.d| ..d.      
+..+ +--+ +..+ +--+      
0 Erkki>liiku o 1
Pelaaja 0 Erkki poimi esineen j
+--++..++--++..++--+     
....|.......|2......     
..g.|.....b.|.k...i.     
+..++..++..++..++..+     
+..++..++--++..++..+     
...|...|.......|...|     
...|...|......f|...|     
+..++--++..++..++--+     
+..++--++..++--++..+     
|3.|.......||...|..|     
|.e|.......||.l.|..|     
+..++--++--++..++..+     
+--++--++..++--++..+     
|........1.|.......|     
|.........h|..c...a|     
+..++--++--++--++--+     
+..++--++..++..++--+     
|....0.||..||.......     
|......||..||.......     
+--++..++..++..++--+     
                          
0 Erkki: d* | j (liiku o 1)
1 Pertti: k** |  (liiku o 2)
2 DeepBlue: b** |  (liiku v 1)
3 K9: f** |  (liiku v 1)
                          
+..+ +--+ +..+ +--+      
|..| .... |..| ....      
|.d| ..d. |.d| ..d.      
+..+ +--+ +..+ +--+      
1 Pertti>
+--++..++--++..++--+     
....|.......|2......     
..g.|.....b.|.k...i.     
+..++..++..++..++..+     
+..++..++--++..++..+     
...|...|.......|...|     
...|...|......f|...|     
+..++--++..++..++--+     
+..++--++..++--++..+     
|3.|.......||...|..|     
|.e|.......||.l.|..|     
+..++--++--++..++..+     
+--++--++..++--++..+     
|........1.|.......|     
|.........h|..c...a|     
+..++--++--++--++--+     
+..++--++..++..++--+     
|....0.||..||.......     
|......||..||.......     
+--++..++..++..++--+     
                          
0 Erkki: d* | j (liiku o 1)
1 Pertti: k** |  (-)
2 DeepBlue: b** |  (liiku v 1)
3 K9: f** |  (liiku v 1)
                          
+..+ +--+ +..+ +--+      
|..| .... |..| ....      
|.d| ..d. |.d| ..d.      
+..+ +--+ +..+ +--+      
2 DeepBlue>
+--++..++--++..++--+     
....|.......|2......     
..g.|.....b.|.k...i.     
+..++..++..++..++..+     
+..++..++--++..++..+     
...|...|.......|...|     
...|...|......f|...|     
+..++--++..++..++--+     
+..++--++..++--++..+     
|3.|.......||...|..|     
|.e|.......||.l.|..|     
+..++--++--++..++..+     
+--++--++..++--++..+     
|........1.|.......|     
|.........h|..c...a|     
+..++--++--++--++--+     
+..++--++..++..++--+     
|....0.||..||.......     
|......||..||.......     
+--++..++..++..++--+     
                          
0 Erkki: d* | j (liiku o 1)
1 Pertti: k** |  (-)
2 DeepBlue: b** |  (-)
3 K9: f** |  (liiku v 1)
                          
+..+ +--+ +..+ +--+      
|..| .... |..| ....      
|.d| ..d. |.d| ..d.      
+..+ +--+ +..+ +--+      
3 K9>
+--++..++--++..++--+     
....|.......|2......     
..g.|.....b.|.k...i.     
+..++..++..++..++..+     
+..++..++--++..++..+     
.3.|...|.......|...|     
...|...|......f|...|     
+..++--++..++..++--+     
+..++--++..++--++..+     
|..|.......||...|..|     
|.e|.......||.l.|..|     
+..++--++--++..++..+     
+--++--++..++--++..+     
|........1.|.......|     
|.........h|..c...a|     
+..++--++--++--++--+     
+..++--++..++..++--+     
|....0.||..||.......     
|......||..||.......     
+--++..++..++..++--+     
                          
0 Erkki: d* | j (liiku o 1)
1 Pertti: k** |  (-)
2 DeepBlue: b** |  (-)
3 K9: f** |  (liiku y 1)
                          
+..+ +--+ +..+ +--+      
|..| .... |..| ....      
|.d| ..d. |.d| ..d.      
+..+ +--+ +..+ +--+      
0 Erkki>tyonna 2 a 1
+..++..++--++..++--+     
.3.||.......|2......     
...||.....b.|.k...i.     
+..++..++..++..++..+     
+..++..++--++..++..+     
|..|...|.......|...|     
|.e|...|......f|...|     
+..++--++..++..++--+     
+--++--++..++--++..+     
|..........||...|..|     
|..........||.l.|..|     
+..++--++--++..++..+     
+..++--++..++--++..+     
|........1.|.......|     
|.........h|..c...a|     
+--++--++--++--++--+     
+--++--++..++..++--+     
.....0.||..||.......     
..d....||..||.......     
+--++..++..++..++--+     
                          
0 Erkki: d* | j (tyonna 2 a 1)
1 Pertti: k** |  (-)
2 DeepBlue: b** |  (-)
3 K9: f** |  (liiku y 1)
                          
+--+ +..+ +..+ +..+      
.... ...| .... |...      
..g. ..g| ..g. |.g.      
+..+ +..+ +--+ +..+      
0 Erkki>liiku v 1
Pelaaja 0 Erkki poimi esineen d
Pelaaja 0 Erkki astui erikoispalaan, jonka tyyppi on kirottu
+..++..++--++..++--+     
.3.||.......|2......     
...||.....b.|.k...i.     
+..++..++..++..++..+     
+..++..++--++..++..+     
|..|...|.......|...|     
|.e|...|......f|...|     
+..++--++..++..++--+     
+--++--++..++--++..+     
|..........||...|..|     
|..........||.l.|..|     
+..++--++--++..++..+     
+..++--++..++--++..+     
|........1.|.......|     
|.........h|..c...a|     
+--++--++--++--++--+     
+--++--++..++..++--+     
.0.....||..||.......     
.......||..||.......     
+--++..++..++..++--+     
                          
0 Erkki: h | jd (liiku v 1)
1 Pertti: k** |  (-)
2 DeepBlue: b** |  (-)
3 K9: f** |  (liiku y 1)
                          
+--+ +..+ +..+ +..+      
.... ...| .... |...      
..g. ..g| ..g. |.g.      
+..+ +..+ +--+ +..+      
1 Pertti>
+..++..++--++..++--+     
.3.||.......|2......     
...||.....b.|.k...i.     
+..++..++..++..++..+     
+..++..++--++..++..+     
|..|...|.......|...|     
|.e|...|......f|...|     
+..++--++..++..++--+     
+--++--++..++--++..+     
|..........||...|..|     
|..........||.l.|..|     
+..++--++--++..++..+     
+..++--++..++--++..+     
|........1.|.......|     
|.........h|..c...a|     
+--++--++--++--++--+     
+--++--++..++..++--+     
.0.....||..||.......     
.......||..||.......     
+--++..++..++..++--+     
                          
0 Erkki: h | jd (liiku v 1)
1 Pertti: k** |  (-)
2 DeepBlue: b** |  (-)
3 K9: f** |  (liiku y 1)
                          
+--+ +..+ +..+ +..+      
.... ...| .... |...      
..g. ..g| ..g. |.g.      
+..+ +..+ +--+ +..+      
2 DeepBlue>
+..++..++--++..++--+     
.3.||.......|2......     
...||.....b.|.k...i.     
+..++..++..++..++..+     
+..++..++--++..++..+     
|..|...|.......|...|     
|.e|...|......f|...|     
+..++--++..++..++--+     
+--++--++..++--++..+     
|..........||...|..|     
|..........||.l.|..|     
+..++--++--++..++..+     
+..++--++..++--++..+     
|........1.|.......|     
|.........h|..c...a|     
+--++--++--++--++--+     
+--++--++..++..++--+     
.0.....||..||.......     
.......||..||.......     
+--++..++..++..++--+     
                          
0 Erkki: h | jd (liiku v 1)
1 Pertti: k** |  (-)
2 DeepBlue: b** |  (-)
3 K9: f** |  (liiku y 1)
                          
+--+ +..+ +..+ +..+      
.... ...| .... |...      
..g. ..g| ..g. |.g.      
+..+ +..+ +--+ +..+      
3 K9>
+..++..++--++..++--+     
...||.......|2......     
...||.....b.|.k...i.     
+..++..++..++..++..+     
+..++..++--++..++..+     
|3.|...|.......|...|     
|.e|...|......f|...|     
+..++--++..++..++--+     
+--++--++..++--++..+     
|..........||...|..|     
|..........||.l.|..|     
+..++--++--++..++..+     
+..++--++..++--++..+     
|........1.|.......|     
|.........h|..c...a|     
+--++--++--++--++--+     
+--++--++..++..++--+     
.0.....||..||.......     
.......||..||.......     
+--++..++..++..++--+     
                          
0 Erkki: h | jd (liiku v 1)
1 Pertti: k** |  (-)
2 DeepBlue: b** |  (-)
3 K9: f** |  (liiku a 1)
                          
+--+ +..+ +..+ +..+      
.... ...| .... |...      
..g. ..g| ..g. |.g.      
+..+ +..+ +--+ +..+      
1 Pertti>
+..++..++--++..++--+     
...||.......|2......     
...||.....b.|.k...i.     
+..++..++..++..++..+     
+..++..++--++..++..+     
|3.|...|.......|...|     
|.e|...|......f|...|     
+..++--++..++..++--+     
+--++--++..++--++..+     
|..........||...|..|     
|..........||.l.|..|     
+..++--++--++..++..+     
+..++--++..++--++..+     
|........1.|.......|     
|.........h|..c...a|     
+--++--++--++--++--+     
+--++--++..++..++--+     
.0.....||..||.......     
.......||..||.......     
+--++..++..++..++--+     
                          
0 Erkki: h | jd (liiku v 1)
1 Pertti: k** |  (-)
2 DeepBlue: b** |  (-)
3 K9: f** |  (liiku a 1)
                          
+--+ +..+ +..+ +..+      
.... ...| .... |...      
..g. ..g| ..g. |.g.      
+..+ +..+ +--+ +..+      
2 DeepBlue>
+..++..++--++..++--+     
...||.......|2......     
...||.....b.|.k...i.     
+..++..++..++..++..+     
+..++..++--++..++..+     
|3.|...|.......|...|     
|.e|...|......f|...|     
+..++--++..++..++--+     
+--++--++..++--++..+     
|..........||...|..|     
|..........||.l.|..|     
+..++--++--++..++..+     
+..++--++..++--++..+     
|........1.|.......|     
|.........h|..c...a|     
+--++--++--++--++--+     
+--++--++..++..++--+     
.0.....||..||.......     
.......||..||.......     
+--++..++..++..++--+     
                          
0 Erkki: h | jd (liiku v 1)
1 Pertti: k** |  (-)
2 DeepBlue: b** |  (-)
3 K9: f** |  (liiku a 1)
                          
+--+ +..+ +..+ +..+      
.... ...| .... |...      
..g. ..g| ..g. |.g.      
+..+ +..+ +--+ +..+      
3 K9>
+..++..++--++..++--+     
...||.......|2......     
...||.....b.|.k...i.     
+..++..++..++..++..+     
+..++..++--++..++..+     
|3.|...|.......|...|     
|.e|...|......f|...|     
+..++--++..++..++--+     
+--++--++..++--++..+     
|..........||...|..|     
|..........||.l.|..|     
+..++--++--++..++..+     
+..++--++..++--++..+     
|........1.|.......|     
|.........h|..c...a|     
+--++--++--++--++--+     
+--++--++..++..++--+     
.0.....||..||.......     
.......||..||.......     
+--++..++..++..++--+     
                          
0 Erkki: h | jd (liiku v 1)
1 Pertti: k** |  (-)
2 DeepBlue: b** |  (-)
3 K9: f** |  (-)
                          
+--+ +..+ +..+ +..+      
.... ...| .... |...      
..g. ..g| ..g. |.g.      
+..+ +..+ +--+ +..+      
0 Erkki>tyonna 3 a 1
+..++..++--++..++--+     
|3.||.......|2......     
|.e||.....b.|.k...i.     
+..++..++..++..++..+     
+--++..++--++..++..+     
|......|.......|...|     
|......|......f|...|     
+..++--++..++..++--+     
+..++--++..++--++..+     
|..........||...|..|     
|..........||.l.|..|     
+--++--++--++..++..+     
+--++--++..++--++..+     
.0.......1.|.......|     
..........h|..c...a|     
+--++--++--++--++--+     
+..++--++..++..++--+     
.......||..||.......     
..g....||..||.......     
+--++..++..++..++--+     
                          
0 Erkki: h | jd (tyonna 3 a 1)
1 Pertti: k** |  (-)
2 DeepBlue: b** |  (-)
3 K9: f** |  (-)
                          
+--+ +..+ +..+ +..+      
.... ...| .... |...      
.... ...| .... |...      
+..+ +..+ +--+ +..+      
0 Erkki>liiku o 1
+..++..++--++..++--+     
|3.||.......|2......     
|.e||.....b.|.k...i.     
+..++..++..++..++..+     
+--++..++--++..++..+     
|......|.......|...|     
|......|......f|...|     
+..++--++..++..++--+     
+..++--++..++--++..+     
|..........||...|..|     
|..........||.l.|..|     
+--++--++--++..++..+     
+--++--++..++--++..+     
.....0...1.|.......|     
..........h|..c...a|     
+--++--++--++--++--+     
+..++--++..++..++--+     
.......||..||.......     
..g....||..||.......     
+--++..++..++..++--+     
                          
0 Erkki: h | jd (liiku o 1)
1 Pertti: k** |  (-)
2 DeepBlue: b** |  (-)
3 K9: f** |  (-)
                          
+--+ +..+ +..+ +..+      
.... ...| .... |...      
.... ...| .... |...      
+..+ +..+ +--+ +..+      
1 Pertti>
+..++..++--++..++--+     
|3.||.......|2......     
|.e||.....b.|.k...i.     
+..++..++..++..++..+     
+--++..++--++..++..+     
|......|.......|...|     
|......|......f|...|     
+..++--++..++..++--+     
+..++--++..++--++..+     
|..........||...|..|     
|..........||.l.|..|     
+--++--++--++..++..+     
+--++--++..++--++..+     
.....0...1.|.......|     
..........h|..c...a|     
+--++--++--++--++--+     
+..++--++..++..++--+     
.......||..||.......     
..g....||..||.......     
+--++..++..++..++--+     
                          
0 Erkki: h | jd (liiku o 1)
1 Pertti: k** |  (-)
2 DeepBlue: b** |  (-)
3 K9: f** |  (-)
                          
+--+ +..+ +..+ +..+      
.... ...| .... |...      
.... ...| .... |...      
+..+ +..+ +--+ +..+      
2 DeepBlue>
+..++..++--++..++--+     
|3.||.......|2......     
|.e||.....b.|.k...i.     
+..++..++..++..++..+     
+--++..++--++..++..+     
|......|.......|...|     
|......|......f|...|     
+..++--++..++..++--+     
+..++--++..++--++..+     
|..........||...|..|     
|..........||.l.|..|     
+--++--++--++..++..+     
+--++--++..++--++..+     
.....0...1.|.......|     
..........h|..c...a|     
+--++--++--++--++--+     
+..++--++..++..++--+     
.......||..||.......     
..g....||..||.......     
+--++..++..++..++--+     
                          
0 Erkki: h | jd (liiku o 1)
1 Pertti: k** |  (-)
2 DeepBlue: b** |  (-)
3 K9: f** |  (-)
                          
+--+ +..+ +..+ +..+      
.... ...| .... |...      
.... ...| .... |...      
+..+ +..+ +--+ +..+      
3 K9>
+..++..++--++..++--+     
|3.||.......|2......     
|.e||.....b.|.k...i.     
+..++..++..++..++..+     
+--++..++--++..++..+     
|......|.......|...|     
|......|......f|...|     
+..++--++..++..++--+     
+..++--++..++--++..+     
|..........||...|..|     
|..........||.l.|..|     
+--++--++--++..++..+     
+--++--++..++--++..+     
.....0...1.|.......|     
..........h|..c...a|     
+--++--++--++--++--+     
+..++--++..++..++--+     
.......||..||.......     
..g....||..||.......     
+--++..++..++..++--+     
                          
0 Erkki: h | jd (liiku o 1)
1 Pertti: k** |  (-)
2 DeepBlue: b** |  (-)
3 K9: f** |  (-)
                          
+--+ +..+ +..+ +..+      
.... ...| .... |...      
.... ...| .... |...      
+..+ +..+ +--+ +..+      
0 Erkki>tyonna 3 o 3
+..++..++--++..++--+     
|3.||.......|2......     
|.e||.....b.|.k...i.     
+..++..++..++..++..+     
+--++..++--++..++..+     
|......|.......|...|     
|......|......f|...|     
+..++--++..++..++--+     
+--++..++--++..++..+     
.......||...|..|....     
.......||.l.|..|....     
+--++--++..++..++--+     
+--++--++..++--++..+     
.....0...1.|.......|     
..........h|..c...a|     
+--++--++--++--++--+     
+..++--++..++..++--+     
.......||..||.......     
..g....||..||.......     
+--++..++..++..++--+     
                          
0 Erkki: h | jd (tyonna 3 o 3)
1 Pertti: k** |  (-)
2 DeepBlue: b** |  (-)
3 K9: f** |  (-)
                          
+..+ +--+ +--+ +..+      
|... |... ...| ...|      
|... |... ...| ...|      
+--+ +..+ +..+ +--+      
0 Erkki>paikallaan
+..++..++--++..++--+     
|3.||.......|2......     
|.e||.....b.|.k...i.     
+..++..++..++..++..+     
+--++..++--++..++..+     
|......|.......|...|     
|......|......f|...|     
+..++--++..++..++--+     
+--++..++--++..++..+     
.......||...|..|....     
.......||.l.|..|....     
+--++--++..++..++--+     
+--++--++..++--++..+     
.....0...1.|.......|     
..........h|..c...a|     
+--++--++--++--++--+     
+..++--++..++..++--+     
.......||..||.......     
..g....||..||.......     
+--++..++..++..++--+     
                          
0 Erkki: h | jd (-)
1 Pertti: k** |  (-)
2 DeepBlue: b** |  (-)
3 K9: f** |  (-)
                          
+..+ +--+ +--+ +..+      
|... |... ...| ...|      
|... |... ...| ...|      
+--+ +..+ +..+ +--+      
1 Pertti>
+..++..++--++..++--+     
|3.||.......|2......     
|.e||.....b.|.k...i.     
+..++..++..++..++..+     
+--++..++--++..++..+     
|......|.......|...|     
|......|......f|...|     
+..++--++..++..++--+     
+--++..++--++..++..+     
.......||1..|..|....     
.......||.l.|..|....     
+--++--++..++..++--+     
+--++--++..++--++..+     
.....0.....|.......|     
..........h|..c...a|     
+--++--++--++--++--+     
+..++--++..++..++--+     
.......||..||.......     
..g....||..||.......     
+--++..++..++..++--+     
                          
0 Erkki: h | jd (-)
1 Pertti: k** |  (liiku y 1)
2 DeepBlue: b** |  (-)
3 K9: f** |  (-)
                          
+..+ +--+ +--+ +..+      
|... |... ...| ...|      
|... |... ...| ...|      
+--+ +..+ +..+ +--+      
2 DeepBlue>
+..++..++--++..++--+     
|3.||.......|2......     
|.e||.....b.|.k...i.     
+..++..++..++..++..+     
+--++..++--++..++..+     
|......|.......|...|     
|......|......f|...|     
+..++--++..++..++--+     
+--++..++--++..++..+     
.......||1..|..|....     
.......||.l.|..|....     
+--++--++..++..++--+     
+--++--++..++--++..+     
.....0.....|.......|     
..........h|..c...a|     
+--++--++--++--++--+     
+..++--++..++..++--+     
.......||..||.......     
..g....||..||.......     
+--++..++..++..++--+     
                          
0 Erkki: h | jd (-)
1 Pertti: k** |  (liiku y 1)
2 DeepBlue: b** |  (-)
3 K9: f** |  (-)
                          
+..+ +--+ +--+ +..+      
|... |... ...| ...|      
|... |... ...| ...|      
+--+ +..+ +..+ +--+      
3 K9>
+..++..++--++..++--+     
|3.||.......|2......     
|.e||.....b.|.k...i.     
+..++..++..++..++..+     
+--++..++--++..++..+     
|......|.......|...|     
|......|......f|...|     
+..++--++..++..++--+     
+--++..++--++..++..+     
.......||1..|..|....     
.......||.l.|..|....     
+--++--++..++..++--+     
+--++--++..++--++..+     
.....0.....|.......|     
..........h|..c...a|     
+--++--++--++--++--+     
+..++--++..++..++--+     
.......||..||.......     
..g....||..||.......     
+--++..++..++..++--+     
                          
0 Erkki: h | jd (-)
1 Pertti: k** |  (liiku y 1)
2 DeepBlue: b** |  (-)
3 K9: f** |  (-)
                          
+..+ +--+ +--+ +..+      
|... |... ...| ...|      
|... |... ...| ...|      
+--+ +..+ +..+ +--+      
0 Erkki>tyonna 3 o 3
+..++..++--++..++--+     
|3.||.......|2......     
|.e||.....b.|.k...i.     
+..++..++..++..++..+     
+--++..++--++..++..+     
|......|.......|...|     
|......|......f|...|     
+..++--++..++..++--+     
+..++--++..++..++--+     
...||1..|..|.......|     
...||.l.|..|.......|     
+--++..++..++--++..+     
+--++--++..++--++..+     
.....0.....|.......|     
..........h|..c...a|     
+--++--++--++--++--+     
+..++--++..++..++--+     
.......||..||.......     
..g....||..||.......     
+--++..++..++..++--+     
                          
0 Erkki: h | jd (tyonna 3 o 3)
1 Pertti: k** |  (liiku y 1)
2 DeepBlue: b** |  (-)
3 K9: f** |  (-)
                          
+..+ +--+ +..+ +--+      
|..| .... |..| ....      
|..| .... |..| ....      
+..+ +--+ +..+ +--+      
0 Erkki>liiku o 1
Pelaaja 0 Erkki poimi esineen h
Pelin voitti 0 Erkki
